app/build/intermediates/manifest_merge_blame_file/debug/processDebugMainManifest/manifest-merger-blame-debug-report.txt
1<?xml version="1.0" encoding="utf-8"?>
2<manifest xmlns:android="http://schemas.android.com/apk/res/android"
3    package="com.example.contato.myapp2"
4    android:versionCode="1"
5    android:versionName="1.0" >
6
7    <uses-sdk
8        android:minSdkVersion="24"
9        android:targetSdkVersion="35" />
10
11    <permission
11-->[androidx.core:core:1.15.0] AndroidManifest.xml:22:5-24:47
12        android:name="com.example.contato.myapp2.DYNAMIC_RECEIVER_NOT_EXPORTED_PERMISSION"
12-->[androidx.core:core:1.15.0] AndroidManifest.xml:23:9-81
13        android:protectionLevel="signature" />
13-->[androidx.core:core:1.15.0] AndroidManifest.xml:24:9-44
14
15    <uses-permission android:name="com.example.contato.myapp2.DYNAMIC_RECEIVER_NOT_EXPORTED_PERMISSION" />
15-->[androidx.core:core:1.15.0] AndroidManifest.xml:26:5-97
15-->[androidx.core:core:1.15.0] AndroidManifest.xml:26:22-94
16
17    <application
17-->src\main\AndroidManifest.xml:6:5-48:19
18        android:allowBackup="true"
18-->src\main\AndroidManifest.xml:7:9-35
19        android:appComponentFactory="androidx.core.app.CoreComponentFactory"
19-->[androidx.core:core:1.15.0] AndroidManifest.xml:28:18-86
20        android:dataExtractionRules="@xml/data_extraction_rules"
20-->src\main\AndroidManifest.xml:8:9-65
21        android:debuggable="true"
22        android:extractNativeLibs="false"
23        android:fullBackupContent="@xml/backup_rules"
23-->src\main\AndroidManifest.xml:9:9-54
24        android:icon="@mipmap/ic_launcher"
24-->src\main\AndroidManifest.xml:10:9-43
25        android:label="@string/app_name"
25-->src\main\AndroidManifest.xml:11:9-41
26        android:roundIcon="@mipmap/ic_launcher_round"
26-->src\main\AndroidManifest.xml:12:9-54
27        android:supportsRtl="true"
27-->src\main\AndroidManifest.xml:13:9-35
28        android:testOnly="true"
29        android:theme="@style/Theme.Myapp2" >
29-->src\main\AndroidManifest.xml:14:9-44
30
31        <!-- MainActivity -->
32        <activity
32-->src\main\AndroidManifest.xml:18:9-25:20
33            android:name="com.example.contato.myapp2.MainActivity"
33-->src\main\AndroidManifest.xml:19:13-41
34            android:exported="true" >
34-->src\main\AndroidManifest.xml:20:13-36
35            <intent-filter>
35-->src\main\AndroidManifest.xml:21:13-24:29
36                <action android:name="android.intent.action.MAIN" />
36-->src\main\AndroidManifest.xml:22:17-69
36-->src\main\AndroidManifest.xml:22:25-66
37
38                <category android:name="android.intent.category.LAUNCHER" />
38-->src\main\AndroidManifest.xml:23:17-77
38-->src\main\AndroidManifest.xml:23:27-74
39            </intent-filter>
40        </activity>
41
42        <!-- Outras activities -->
43        <activity
43-->src\main\AndroidManifest.xml:28:9-31:44
44            android:name="com.example.contato.myapp2.MeusContatosActivity"
44-->src\main\AndroidManifest.xml:29:13-49
45            android:exported="true"
45-->src\main\AndroidManifest.xml:30:13-36
46            android:label="Meus Contatos" />
46-->src\main\AndroidManifest.xml:31:13-42
47        <activity
47-->src\main\AndroidManifest.xml:33:9-36:43
48            android:name="com.example.contato.myapp2.NovoContatoActivity"
48-->src\main\AndroidManifest.xml:34:13-48
49            android:exported="true"
49-->src\main\AndroidManifest.xml:35:13-36
50            android:label="Novo Contato" />
50-->src\main\AndroidManifest.xml:36:13-41
51        <activity
51-->src\main\AndroidManifest.xml:38:9-41:45
52            android:name="com.example.contato.myapp2.AlterarContatoActivity"
52-->src\main\AndroidManifest.xml:39:13-51
53            android:exported="true"
53-->src\main\AndroidManifest.xml:40:13-36
54            android:label="Editar Contato" />
54-->src\main\AndroidManifest.xml:41:13-43
55        <activity
55-->src\main\AndroidManifest.xml:43:9-46:46
56            android:name="com.example.contato.myapp2.DeletarContatoActivity"
56-->src\main\AndroidManifest.xml:44:13-51
57            android:exported="true"
57-->src\main\AndroidManifest.xml:45:13-36
58            android:label="Deletar Contato" />
58-->src\main\AndroidManifest.xml:46:13-44
59
60        <provider
60-->[androidx.emoji2:emoji2:1.3.0] AndroidManifest.xml:24:9-32:20
61            android:name="androidx.startup.InitializationProvider"
61-->[androidx.emoji2:emoji2:1.3.0] AndroidManifest.xml:25:13-67
62            android:authorities="com.example.contato.myapp2.androidx-startup"
62-->[androidx.emoji2:emoji2:1.3.0] AndroidManifest.xml:26:13-68
63            android:exported="false" >
63-->[androidx.emoji2:emoji2:1.3.0] AndroidManifest.xml:27:13-37
64            <meta-data
64-->[androidx.emoji2:emoji2:1.3.0] AndroidManifest.xml:29:13-31:52
65                android:name="androidx.emoji2.text.EmojiCompatInitializer"
65-->[androidx.emoji2:emoji2:1.3.0] AndroidManifest.xml:30:17-75
66                android:value="androidx.startup" />
66-->[androidx.emoji2:emoji2:1.3.0] AndroidManifest.xml:31:17-49
67            <meta-data
67-->[androidx.lifecycle:lifecycle-process:2.6.2] AndroidManifest.xml:29:13-31:52
68                android:name="androidx.lifecycle.ProcessLifecycleInitializer"
68-->[androidx.lifecycle:lifecycle-process:2.6.2] AndroidManifest.xml:30:17-78
69                android:value="androidx.startup" />
69-->[androidx.lifecycle:lifecycle-process:2.6.2] AndroidManifest.xml:31:17-49
70            <meta-data
70-->[androidx.profileinstaller:profileinstaller:1.4.0] AndroidManifest.xml:29:13-31:52
71                android:name="androidx.profileinstaller.ProfileInstallerInitializer"
71-->[androidx.profileinstaller:profileinstaller:1.4.0] AndroidManifest.xml:30:17-85
72                android:value="androidx.startup" />
72-->[androidx.profileinstaller:profileinstaller:1.4.0] AndroidManifest.xml:31:17-49
73        </provider>
74
75        <receiver
75-->[androidx.profileinstaller:profileinstaller:1.4.0] AndroidManifest.xml:34:9-52:20
76            android:name="androidx.profileinstaller.ProfileInstallReceiver"
76-->[androidx.profileinstaller:profileinstaller:1.4.0] AndroidManifest.xml:35:13-76
77            android:directBootAware="false"
77-->[androidx.profileinstaller:profileinstaller:1.4.0] AndroidManifest.xml:36:13-44
78            android:enabled="true"
78-->[androidx.profileinstaller:profileinstaller:1.4.0] AndroidManifest.xml:37:13-35
79            android:exported="true"
79-->[androidx.profileinstaller:profileinstaller:1.4.0] AndroidManifest.xml:38:13-36
80            android:permission="android.permission.DUMP" >
80-->[androidx.profileinstaller:profileinstaller:1.4.0] AndroidManifest.xml:39:13-57
81            <intent-filter>
81-->[androidx.profileinstaller:profileinstaller:1.4.0] AndroidManifest.xml:40:13-42:29
82                <action android:name="androidx.profileinstaller.action.INSTALL_PROFILE" />
82-->[androidx.profileinstaller:profileinstaller:1.4.0] AndroidManifest.xml:41:17-91
82-->[androidx.profileinstaller:profileinstaller:1.4.0] AndroidManifest.xml:41:25-88
83            </intent-filter>
84            <intent-filter>
84-->[androidx.profileinstaller:profileinstaller:1.4.0] AndroidManifest.xml:43:13-45:29
85                <action android:name="androidx.profileinstaller.action.SKIP_FILE" />
85-->[androidx.profileinstaller:profileinstaller:1.4.0] AndroidManifest.xml:44:17-85
85-->[androidx.profileinstaller:profileinstaller:1.4.0] AndroidManifest.xml:44:25-82
86            </intent-filter>
87            <intent-filter>
87-->[androidx.profileinstaller:profileinstaller:1.4.0] AndroidManifest.xml:46:13-48:29
88                <action android:name="androidx.profileinstaller.action.SAVE_PROFILE" />
88-->[androidx.profileinstaller:profileinstaller:1.4.0] AndroidManifest.xml:47:17-88
88-->[androidx.profileinstaller:profileinstaller:1.4.0] AndroidManifest.xml:47:25-85
89            </intent-filter>
90            <intent-filter>
90-->[androidx.profileinstaller:profileinstaller:1.4.0] AndroidManifest.xml:49:13-51:29
91                <action android:name="androidx.profileinstaller.action.BENCHMARK_OPERATION" />
91-->[androidx.profileinstaller:profileinstaller:1.4.0] AndroidManifest.xml:50:17-95
91-->[androidx.profileinstaller:profileinstaller:1.4.0] AndroidManifest.xml:50:25-92
92            </intent-filter>
93        </receiver>
94    </application>
95
96</manifest>